This is pdfTeX, Version 3.14159265-2.6-1.40.15 (TeX Live 2014) (preloaded format=pdflatex 2014.7.24)  29 JUL 2014 15:13
entering extended mode
 restricted \write18 enabled.
 %&-line parsing enabled.
**/Users/altern/Projects/RELENG2014/RELENG2014.tex
(/Users/altern/Projects/RELENG2014/RELENG2014.tex
LaTeX2e <2014/05/01>
Babel <3.9k> and hyphenation patterns for 78 languages loaded.
(./IEEEtran.cls
Document Class: IEEEtran 2012/11/21 V1.8c by Harald Hanche-Olsen and Anders Chr
istensen
-- Based on V1.7a by Michael Shell
-- See the "IEEEtran_HOWTO" manual for usage information.
-- http://www.michaelshell.org/tex/ieeetran/
\@IEEEtrantmpdimenA=\dimen102
\@IEEEtrantmpdimenB=\dimen103
\@IEEEtrantmpcountA=\count79
\@IEEEtrantmpcountB=\count80
\@IEEEtrantmptoksA=\toks14
-- Using IEEE Computer Society mode.
LaTeX Font Info:    Try loading font information for OT1+ppl on input line 373.

(/usr/local/texlive/2014/texmf-dist/tex/latex/psnfss/ot1ppl.fd
File: ot1ppl.fd 2001/06/04 font definitions for OT1/ppl.
)
-- Using 8.5in x 11in (letter) paper.
-- Using PDF output.
\@IEEEnormalsizeunitybaselineskip=\dimen104
-- This is a 12 point document.
\CLASSINFOnormalsizebaselineskip=\dimen105
\CLASSINFOnormalsizeunitybaselineskip=\dimen106
\IEEEnormaljot=\dimen107
LaTeX Font Info:    Font shape `OT1/ppl/bx/n' in size <6> not available
(Font)              Font shape `OT1/ppl/b/n' tried instead on input line 731.
LaTeX Font Info:    Font shape `OT1/ppl/bx/it' in size <6> not available
(Font)              Font shape `OT1/ppl/b/it' tried instead on input line 731.
LaTeX Font Info:    Font shape `OT1/ppl/bx/n' in size <8> not available
(Font)              Font shape `OT1/ppl/b/n' tried instead on input line 731.
LaTeX Font Info:    Font shape `OT1/ppl/bx/it' in size <8> not available
(Font)              Font shape `OT1/ppl/b/it' tried instead on input line 731.
LaTeX Font Info:    Font shape `OT1/ppl/bx/n' in size <9> not available
(Font)              Font shape `OT1/ppl/b/n' tried instead on input line 731.
LaTeX Font Info:    Font shape `OT1/ppl/bx/it' in size <9> not available
(Font)              Font shape `OT1/ppl/b/it' tried instead on input line 731.
LaTeX Font Info:    Font shape `OT1/ppl/bx/n' in size <10> not available
(Font)              Font shape `OT1/ppl/b/n' tried instead on input line 731.
LaTeX Font Info:    Font shape `OT1/ppl/bx/it' in size <10> not available
(Font)              Font shape `OT1/ppl/b/it' tried instead on input line 731.
LaTeX Font Info:    Font shape `OT1/ppl/bx/n' in size <12> not available
(Font)              Font shape `OT1/ppl/b/n' tried instead on input line 731.
LaTeX Font Info:    Font shape `OT1/ppl/bx/it' in size <12> not available
(Font)              Font shape `OT1/ppl/b/it' tried instead on input line 731.
LaTeX Font Info:    Font shape `OT1/ppl/bx/n' in size <14> not available
(Font)              Font shape `OT1/ppl/b/n' tried instead on input line 731.
LaTeX Font Info:    Font shape `OT1/ppl/bx/it' in size <14> not available
(Font)              Font shape `OT1/ppl/b/it' tried instead on input line 731.
LaTeX Font Info:    Font shape `OT1/ppl/bx/n' in size <20> not available
(Font)              Font shape `OT1/ppl/b/n' tried instead on input line 731.
LaTeX Font Info:    Font shape `OT1/ppl/bx/it' in size <20> not available
(Font)              Font shape `OT1/ppl/b/it' tried instead on input line 731.
LaTeX Font Info:    Font shape `OT1/ppl/bx/n' in size <22> not available
(Font)              Font shape `OT1/ppl/b/n' tried instead on input line 731.
LaTeX Font Info:    Font shape `OT1/ppl/bx/it' in size <22> not available
(Font)              Font shape `OT1/ppl/b/it' tried instead on input line 731.
LaTeX Font Info:    Font shape `OT1/ppl/bx/n' in size <24> not available
(Font)              Font shape `OT1/ppl/b/n' tried instead on input line 731.
LaTeX Font Info:    Font shape `OT1/ppl/bx/it' in size <24> not available
(Font)              Font shape `OT1/ppl/b/it' tried instead on input line 731.
\IEEEilabelindentA=\dimen108
\IEEEilabelindentB=\dimen109
\IEEEilabelindent=\dimen110
\IEEEelabelindent=\dimen111
\IEEEdlabelindent=\dimen112
\IEEElabelindent=\dimen113
\IEEEiednormlabelsep=\dimen114
\IEEEiedmathlabelsep=\dimen115
\IEEEiedtopsep=\skip41
\c@section=\count81
\c@subsection=\count82
\c@subsubsection=\count83
\c@paragraph=\count84
\c@IEEEsubequation=\count85
\abovecaptionskip=\skip42
\belowcaptionskip=\skip43
\c@figure=\count86
\c@table=\count87
\@IEEEeqnnumcols=\count88
\@IEEEeqncolcnt=\count89
\@IEEEtmpitemindent=\dimen116
\c@IEEEbiography=\count90
\@IEEEtranrubishbin=\box26
) (./RELENG2014.aux)
\openout1 = `RELENG2014.aux'.

LaTeX Font Info:    Checking defaults for OML/cmm/m/it on input line 426.
LaTeX Font Info:    ... okay on input line 426.
LaTeX Font Info:    Checking defaults for T1/cmr/m/n on input line 426.
LaTeX Font Info:    ... okay on input line 426.
LaTeX Font Info:    Checking defaults for OT1/cmr/m/n on input line 426.
LaTeX Font Info:    ... okay on input line 426.
LaTeX Font Info:    Checking defaults for OMS/cmsy/m/n on input line 426.
LaTeX Font Info:    ... okay on input line 426.
LaTeX Font Info:    Checking defaults for OMX/cmex/m/n on input line 426.
LaTeX Font Info:    ... okay on input line 426.
LaTeX Font Info:    Checking defaults for U/cmr/m/n on input line 426.
LaTeX Font Info:    ... okay on input line 426.
LaTeX Font Info:    External font `cmex10' loaded for size
(Font)              <12> on input line 464.
LaTeX Font Info:    External font `cmex10' loaded for size
(Font)              <8> on input line 464.
LaTeX Font Info:    External font `cmex10' loaded for size
(Font)              <6> on input line 464.
 [1{/usr/local/texlive/2014/texmf-var/fonts/map/pdftex/updmap/pdftex.map}


]
LaTeX Font Info:    Try loading font information for OT1+phv on input line 542.

 (/usr/local/texlive/2014/texmf-dist/tex/latex/psnfss/ot1phv.fd
File: ot1phv.fd 2001/06/04 scalable font definitions for OT1/phv.
)
LaTeX Font Info:    Font shape `OT1/phv/bx/n' in size <9> not available
(Font)              Font shape `OT1/phv/b/n' tried instead on input line 542.
LaTeX Font Info:    External font `cmex10' loaded for size
(Font)              <9> on input line 542.
LaTeX Font Info:    External font `cmex10' loaded for size
(Font)              <5> on input line 542.
LaTeX Font Info:    Calculating math sizes for size <14> on input line 542.
LaTeX Font Info:    External font `cmex10' loaded for size
(Font)              <14> on input line 542.
LaTeX Font Info:    External font `cmex10' loaded for size
(Font)              <9.79996> on input line 542.
LaTeX Font Info:    External font `cmex10' loaded for size
(Font)              <7> on input line 542.
LaTeX Font Info:    Try loading font information for U+pzd on input line 542.
(/usr/local/texlive/2014/texmf-dist/tex/latex/psnfss/upzd.fd
File: upzd.fd 2001/06/04 font definitions for U/pzd.
)
LaTeX Font Info:    Try loading font information for OMS+ppl on input line 542.


(/usr/local/texlive/2014/texmf-dist/tex/latex/psnfss/omsppl.fd
File: omsppl.fd 
)
LaTeX Font Info:    Font shape `OMS/ppl/m/it' in size <9> not available
(Font)              Font shape `OMS/cmsy/m/n' tried instead on input line 542.
LaTeX Font Info:    Font shape `OT1/phv/bx/n' in size <14> not available
(Font)              Font shape `OT1/phv/b/n' tried instead on input line 569.
LaTeX Font Info:    Font shape `OT1/phv/bx/sc' in size <14> not available
(Font)              Font shape `OT1/phv/b/sc' tried instead on input line 569.

Underfull \hbox (badness 1688) in paragraph at lines 609--610
[]\OT1/ppl/m/n/12 Describes novel Domain-Specific Lan-
 []


Underfull \hbox (badness 4072) in paragraph at lines 612--613
\OT1/ppl/m/n/12 or-der to rec-on-cile soft-ware his-to-ries
 []


Underfull \hbox (badness 2503) in paragraph at lines 631--632
\OT1/ppl/m/n/12 sion Num-ber-ing is Re-lease En-gi-neers and
 []

LaTeX Font Info:    Font shape `OT1/phv/bx/n' in size <12> not available
(Font)              Font shape `OT1/phv/b/n' tried instead on input line 636.

Underfull \vbox (badness 10000) has occurred while \output is active []

 [2

]
Underfull \hbox (badness 10000) in paragraph at lines 654--655
[]\OT1/ppl/m/n/12 Version - unique iden-ti-fier of
 []

[3] (./RELENG2014.aux) ) 
Here is how much of TeX's memory you used:
 1028 strings out of 493117
 17586 string characters out of 6135433
 72548 words of memory out of 5000000
 4532 multiletter control sequences out of 15000+600000
 40998 words of font info for 88 fonts, out of 8000000 for 9000
 1144 hyphenation exceptions out of 8191
 28i,8n,28p,1556b,285s stack positions out of 5000i,500n,10000p,200000b,80000s
{/usr/local/texlive/2014/texmf-dist/fonts/enc/dvips/bas
e/8r.enc}</usr/local/texlive/2014/texmf-dist/fonts/type1/public/amsfonts/cm/cms
y10.pfb></usr/local/texlive/2014/texmf-dist/fonts/type1/public/amsfonts/cm/cmsy
9.pfb></usr/local/texlive/2014/texmf-dist/fonts/type1/urw/helvetic/uhvb8a.pfb><
/usr/local/texlive/2014/texmf-dist/fonts/type1/urw/helvetic/uhvr8a.pfb></usr/lo
cal/texlive/2014/texmf-dist/fonts/type1/urw/palatino/uplr8a.pfb></usr/local/tex
live/2014/texmf-dist/fonts/type1/urw/palatino/uplri8a.pfb></usr/local/texlive/2
014/texmf-dist/fonts/type1/urw/zapfding/uzdr.pfb>
Output written on RELENG2014.pdf (3 pages, 80496 bytes).
PDF statistics:
 43 PDF objects out of 1000 (max. 8388607)
 30 compressed objects within 1 object stream
 0 named destinations out of 1000 (max. 500000)
 1 words of extra memory for PDF output out of 10000 (max. 10000000)

